     1                                 %line 1+1 sumfloat.asm
     2                                 
     3                                 
     4                                 
     5                                 
     6                                 
     7                                 
     8                                 
     9                                 [section .data]
    10                                 
    11                                 
    12                                 
    13                                 NULL equ 0
    14                                 TRUE equ 1
    15                                 FALSE equ 0
    16                                 
    17                                 EXIT_SUCCESS equ 0
    18                                 SYS_exit equ 60
    19                                 
    20                                 
    21                                 
    22 00000000 D7A3703D0A5735409A-    fltLst dq 21.34, 6.15, 9.12, 10.05, 7.75
    23 00000000 999999999918403D0A-
    24 00000000 D7A3703D22409A9999-
    25 00000000 999919244000000000-
    26 00000000 00001F40           
    27 00000028 0AD7A3703D0AF73F00-     dq 1.44, 14.50, 3.32, 75.71, 11.87
    28 00000028 00000000002D408FC2-
    29 00000028 F5285C8F0A403D0AD7-
    30 00000028 A370ED52403D0AD7A3-
    31 00000028 70BD2740           
    32 00000050 7B14AE47E13A314000-     dq 17.23, 18.25, 13.65, 24.24, 8.88
    33 00000050 00000000403240CDCC-
    34 00000050 CCCCCC4C2B403D0AD7-
    35 00000050 A3703D3840C3F5285C-
    36 00000050 8FC22140           
    37 00000078 0F000000               length dd 15
    38 0000007C 0000000000000000       lstSum dq 0.0
    39 00000084 0000000000000000       lstAve dq 0.0
    40                                 
    41                                 
    42                                 
    43                                 [section .text]
    44                                 [global _start]
    45                                 _start:
    46                                 
    47                                 
    48                                 
    49 00000000 8B0C25[00000000]        mov ecx, dword [length]
    50 00000007 48C7C3[00000000]        mov rbx, fltLst
    51 0000000E 48C7C600000000          mov rsi, 0
    52 00000015 F20F100C25[00000000]      movsd xmm1, qword [lstSum]
    53                                 
    54                                 sumLp:
    55 0000001E F20F1004F3              movsd xmm0, qword [rbx+rsi*8]
    56 00000023 F20F58C8                addsd xmm1, xmm0
    57 00000027 48FFC6                  inc rsi
    58 0000002A E2F0                    loop sumLp
    59                                 
    60 0000002C F20F110C25[00000000]      movsd qword [lstSum], xmm1
    61                                 
    62                                 
    63                                 
    64 00000035 F20F2A0425[00000000]      cvtsi2sd xmm0, dword [length]
    65 0000003E F20F5EC8                divsd xmm1, xmm0
    66 00000042 F20F110C25[00000000]      movsd qword [lstAve], xmm1
    67                                 
    68                                 
    69                                 
    70                                 last:
    71 0000004B 48C7C03C000000          mov rax, SYS_exit
    72 00000052 48C7C700000000          mov rdi, EXIT_SUCCESS
    73 00000059 0F05                    syscall
