     1                                 %line 1+1 add_example/add_example.asm
     2                                 
     3                                 
     4                                 
     5                                 
     6                                 
     7                                 [section .data]
     8                                 
     9                                 
    10                                 EXIT_SUCCESS equ 0
    11                                 SYS_exit equ 60
    12                                 
    13                                 
    14 00000000 2A                     bNum1 db 42
    15 00000001 49                     bNum2 db 73
    16 00000002 00                     bAns db 0
    17                                 
    18 00000003 E110                   wNum1 dw 4321
    19 00000005 D204                   wNum2 dw 1234
    20 00000007 0000                   wAns dw 0
    21                                 
    22 00000009 10A40000               dNum1 dd 42000
    23 0000000D 281D0100               dNum2 dd 73000
    24 00000011 00000000               dAns dd 0
    25                                 
    26 00000015 80DE800200000000       qNum1 dq 42000000
    27 0000001D 40E4590400000000       qNum2 dq 73000000
    28 00000025 0000000000000000       qAns dq 0
    29                                 
    30 0000002D 00000000000000A001-    dquad1 ddq 0x1A000000000000000
    31 0000002D 00000000000000     
    32 0000003D 00000000000000C002-    dquad2 ddq 0x2C000000000000000
    33 0000003D 00000000000000     
    34 0000004D 000000000000000000-    dqSum ddq 0
    35 0000004D 00000000000000     
    36                                 
    37                                 
    38                                 [section .text]
    39                                 [global _start]
    40                                 _start:
    41                                 
    42                                 normalAdd:
    43                                 
    44 00000000 8A0425[00000000]        mov al, byte [bNum1]
    45 00000007 020425[00000000]        add al, byte [bNum2]
    46 0000000E 880425[00000000]        mov byte [bAns], al
    47                                 
    48                                 
    49 00000015 668B0425[00000000]      mov ax, word [wNum1]
    50 0000001D 66030425[00000000]      add ax, word [wNum2]
    51 00000025 66890425[00000000]      mov word [wAns], ax
    52                                 
    53                                 
    54 0000002D 8B0425[00000000]        mov eax, dword [dNum1]
    55 00000034 030425[00000000]        add eax, dword [dNum2]
    56 0000003B 890425[00000000]        mov dword [dAns], eax
    57                                 
    58                                 
    59 00000042 488B0425[00000000]      mov rax, qword [qNum1]
    60 0000004A 48030425[00000000]      add rax, qword [qNum2]
    61 00000052 48890425[00000000]      mov qword [qAns], rax
    62                                 
    63                                 incAdd:
    64 0000005A FE0425[00000000]        inc byte [bAns]
    65 00000061 66FF0425[00000000]      inc word [wAns]
    66 00000069 FF0425[00000000]        inc dword [dAns]
    67 00000070 48FF0425[00000000]      inc qword [qAns]
    68                                 
    69                                 carryAdd:
    70                                 
    71 00000078 488B0425[00000000]      mov rax, qword [dquad1]
    72 00000080 488B1425[08000000]      mov rdx, qword [dquad1+8]
    73 00000088 48030425[00000000]      add rax, qword [dquad2]
    74 00000090 48131425[08000000]      adc rdx, qword [dquad2+8]
    75 00000098 48890425[00000000]      mov qword [dqSum], rax
    76 000000A0 48891425[08000000]      mov qword [dqSum+8], rdx
    77                                 
    78                                 
    79                                 
    80                                 
    81                                 last:
    82 000000A8 48C7C03C000000          mov rax, SYS_exit
    83 000000AF 48C7C300000000          mov rbx, EXIT_SUCCESS
    84 000000B6 0F05                    syscall
