     1                                 %line 1+1 examples/list_summation/sum.asm
     2                                 
     3                                 
     4                                 
     5                                 
     6                                 
     7                                 [section .data]
     8                                 
     9                                 
    10                                 EXIT_SUCCESS equ 0
    11                                 SYS_exit equ 60
    12                                 
    13                                 
    14 00000000 EA030000EC030000EE-    lst dd 1002, 1004, 1006, 1008, 1010
    15 00000000 030000F0030000F203-
    16 00000000 0000               
    17 00000014 05000000               len dd 5
    18 00000018 00000000               sum dd 0
    19                                 
    20                                 
    21                                 
    22                                 [section .text]
    23                                 [global _start]
    24                                 _start:
    25                                 
    26                                 
    27                                 
    28 00000000 8B0C25[00000000]       mov ecx, dword [len]
    29 00000007 48C7C600000000         mov rsi, 0
    30                                 
    31                                 sumLoop:
    32 0000000E 8B04B5[00000000]        mov eax, dword [lst+rsi*4]
    33 00000015 010425[00000000]        add dword [sum], eax
    34 0000001C 48FFC6                  inc rsi
    35 0000001F E2EB                    loop sumLoop
    36                                 
    37                                 
    38                                 
    39                                 
    40                                 last:
    41 00000021 48C7C03C000000          mov rax, SYS_exit
    42 00000028 48C7C300000000          mov rbx, EXIT_SUCCESS
    43 0000002F 0F05                    syscall
    44                                 
