     1                                 %line 1+1 minmax_macro.asm
     2                                 
     3                                 
     4                                 
     5                                 
     6                                 
     7                                 
     8                                 
     9                                 %line 31+1 minmax_macro.asm
    10                                 
    11                                 
    12                                 
    13                                 [section .data]
    14                                 
    15                                 
    16                                 
    17                                 EXIT_SUCCESS equ 0
    18                                 SYS_exit equ 60
    19                                 
    20                                 
    21 00000000 040000000500000002-    list1 dd 4, 5, 2, -3, 1
    22 00000000 000000FDFFFFFF0100-
    23 00000000 0000               
    24 00000014 05000000               len1 dd 5
    25 00000018 00000000               min1 dd 0
    26 0000001C 00000000               max1 dd 0
    27                                 
    28 00000020 020000000600000003-    list2 dd 2, 6, 3, -2, 1, 8, 19
    29 00000020 000000FEFFFFFF0100-
    30 00000020 000008000000130000-
    31 00000020 00                 
    32 0000003C 07000000               len2 dd 7
    33 00000040 00000000               min2 dd 0
    34 00000044 00000000               max2 dd 0
    35                                 
    36                                 
    37                                 
    38                                 [section .text]
    39                                 [global _start]
    40                                 _start:
    41 00000000 B800000000              mov eax, 0
    42                                 %line 57+0 minmax_macro.asm
    43 00000005 8B0C25[00000000]        mov ecx, dword [len1]
    44 0000000C 448B1C25[00000000]      mov r11d, dword [list1]
    45 00000014 448B2425[00000000]      mov r12d, dword [list1]
    46 0000001C 48C7C600000000          mov rsi, 0
    47 00000023 488D1C25[00000000]      lea rbx, [list1]
    48                                 ..@3.minmaxLoop:
    49 0000002B 8B04B3                  mov eax, dword [rbx+rsi*4]
    50 0000002E 4139C3                  cmp r11d, eax
    51 00000031 7E01                    jle ..@3.findMax
    52 00000033 4189C3                  mov r11d, eax
    53                                 ..@3.findMax:
    54 00000036 4139C4                  cmp r12d, eax
    55 00000039 7D01                    jge ..@3.endLoop
    56 0000003B 4189C4                  mov r12d, eax
    57                                 ..@3.endLoop:
    58 0000003E 48FFC6                  inc rsi
    59 00000041 E2E6                    loop ..@3.minmaxLoop
    60                                 
    61 00000043 44891C25[00000000]      mov dword [min1], r11d
    62 0000004B 44892425[00000000]      mov dword [max1], r12d
    63                                 %line 58+1 minmax_macro.asm
    64 00000053 B800000000              mov eax, 0
    65                                 %line 58+0 minmax_macro.asm
    66 00000058 8B0C25[00000000]        mov ecx, dword [len2]
    67 0000005F 448B1C25[00000000]      mov r11d, dword [list2]
    68 00000067 448B2425[00000000]      mov r12d, dword [list2]
    69 0000006F 48C7C600000000          mov rsi, 0
    70 00000076 488D1C25[00000000]      lea rbx, [list2]
    71                                 ..@4.minmaxLoop:
    72 0000007E 8B04B3                  mov eax, dword [rbx+rsi*4]
    73 00000081 4139C3                  cmp r11d, eax
    74 00000084 7E01                    jle ..@4.findMax
    75 00000086 4189C3                  mov r11d, eax
    76                                 ..@4.findMax:
    77 00000089 4139C4                  cmp r12d, eax
    78 0000008C 7D01                    jge ..@4.endLoop
    79 0000008E 4189C4                  mov r12d, eax
    80                                 ..@4.endLoop:
    81 00000091 48FFC6                  inc rsi
    82 00000094 E2E6                    loop ..@4.minmaxLoop
    83                                 
    84 00000096 44891C25[00000000]      mov dword [min2], r11d
    85 0000009E 44892425[00000000]      mov dword [max2], r12d
    86                                 %line 59+1 minmax_macro.asm
    87                                 
    88                                 
    89                                 last:
    90 000000A6 B83C000000              mov eax, SYS_exit
    91 000000AB BB00000000              mov ebx, EXIT_SUCCESS
    92 000000B0 0F05                    syscall
