     1                                 %line 1+1 int2str.asm
     2                                 
     3                                 
     4                                 
     5                                 
     6                                 
     7                                 
     8                                 
     9                                 [section .data]
    10                                 
    11                                 
    12                                 
    13                                 NULL equ 0
    14                                 EXIT_SUCCESS equ 0
    15                                 SYS_exit equ 60
    16                                 
    17                                 
    18                                 
    19 00000000 C01DFEFFFFFFFFFF       intNum dq -123456
    20 00000008 00                     isNeg db 0
    21                                 
    22                                 
    23                                 [section .bss]
    24                                 
    25 00000000 <gap>                  strNum resb 10
    26                                 
    27                                 
    28                                 
    29                                 [section .text]
    30                                 [global _start]
    31                                 _start:
    32                                 
    33                                 
    34                                 
    35                                 
    36 00000000 48833C25[00000000]-    cmp qword [intNum], 0
    37 00000000 00                 
    38 00000009 7D06                   jge division
    39                                 
    40 0000000B C60425[00000000]01     mov byte [isNeg], 1
    41                                 
    42                                 
    43                                 division:
    44 00000013 488B0425[00000000]     mov rax, qword [intNum]
    45 0000001B 48C7C100000000         mov rcx, 0
    46 00000022 48C7C30A000000         mov rbx, 10
    47                                 
    48                                 divideLoop:
    49                                 
    50 00000029 4899                    cqo
    51 0000002B 48F7FB                  idiv rbx
    52                                 
    53 0000002E 52                      push rdx
    54                                 
    55 0000002F 48FFC1                  inc rcx
    56                                 
    57 00000032 4883F800                cmp rax, 0
    58 00000036 75EF                    jne divideLoop
    59                                 
    60                                 
    61                                 
    62 00000038 48C7C3[00000000]       mov rbx, strNum
    63 0000003F 48C7C700000000         mov rdi, 0
    64 00000046 803C25[00000000]00     cmp byte [isNeg], 0
    65 0000004E 7405                   je popLoop
    66 00000050 C6043B2D               mov byte [rbx+rdi], '-'
    67 00000054 48FFC7                 inc rdi
    68                                 popLoop:
    69 00000057 58                      pop rax
    70 00000058 803C25[00000000]00      cmp byte [isNeg], 0
    71 00000060 7402                    je addAbs
    72 00000062 F6D0                    not al
    73 00000064 FEC0                    inc al
    74                                 addAbs:
    75 00000066 0430                    add al, '0'
    76 00000068 88043B                  mov byte [rbx+rdi], al
    77 0000006B 48FFC7                  inc rdi
    78 0000006E E2E5                    loop popLoop
    79 00000070 C6043B00               mov byte [rbx+rdi], 0
    80                                 
    81                                 
    82                                 last:
    83 00000074 48C7C03C000000          mov rax, SYS_exit
    84 0000007B 48C7C300000000          mov rbx, EXIT_SUCCESS
    85 00000082 0F05                    syscall
