     1                                 %line 1+1 stats.asm
     2                                 
     3                                 
     4                                 
     5                                 [section .data]
     6                                 
     7                                 
     8                                 
     9                                 [section .text]
    10                                 
    11                                 
    12                                 
    13                                 
    14                                 
    15                                 
    16                                 
    17                                 
    18                                 
    19                                 
    20                                 
    21                                 
    22                                 
    23                                 
    24                                 [global stats]
    25                                 stats:
    26                                 
    27 00000000 4154                    push r12
    28                                 
    29 00000002 49C7C400000000          mov r12, 0
    30 00000009 48C7C000000000          mov rax, 0
    31                                 stats_sumLoop:
    32 00000010 420304A7                add eax, dword [rdi+r12*4]
    33 00000014 49FFC4                  inc r12
    34 00000017 4939F4                  cmp r12, rsi
    35 0000001A 7CF2                    jl stats_sumLoop
    36                                 
    37 0000001C 8902                    mov dword [rdx], eax
    38                                 
    39 0000001E 99                      cdq
    40 0000001F F7FE                    idiv esi
    41 00000021 8901                    mov dword [rcx], eax
    42                                 
    43 00000023 415C                    pop r12
    44 00000025 C3                      ret
    45                                 
