     1                                 %line 1+1 ex2.asm
     2                                 
     3                                 
     4                                 
     5                                 
     6                                 
     7                                 [section .note.GNU-stack noalloc noexec nowrite progbits]
     8                                 
     9                                 
    10                                 [section .data]
    11                                 
    12                                 
    13                                 
    14                                 LF equ 10
    15                                 NULL equ 0
    16                                 TRUE equ 1
    17                                 FALSE equ 0
    18                                 EXIT_SUCCESS equ 0
    19                                 
    20                                 STDIN equ 0
    21                                 STDOUT equ 1
    22                                 STDERR equ 2
    23                                 
    24                                 SYS_read equ 0
    25                                 SYS_write equ 1
    26                                 SYS_open equ 2
    27                                 SYS_close equ 3
    28                                 SYS_fork equ 57
    29                                 SYS_exit equ 60
    30                                 SYS_creat equ 85
    31                                 SYS_time equ 201
    32                                 
    33                                 
    34                                 
    35 00000000 0A00                   newLine db LF, NULL
    36                                 
    37                                 
    38                                 [section .text]
    39                                 
    40                                 [global main]
    41                                 main:
    42 00000000 E80B000000              call printCmd
    43                                 
    44                                 
    45                                 
    46                                 exampleDone:
    47 00000005 48C7C03C000000          mov rax, SYS_exit
    48 0000000C 48C7C700000000          mov rdi, EXIT_SUCCESS
    49 00000013 0F05                    syscall
    50                                 
    51                                 
    52                                 
    53                                 
    54                                 
    55                                 
    56                                 
    57                                 
    58                                 
    59                                 
    60                                 
    61                                 
    62                                 
    63                                 
    64                                 
    65                                 [global printCmd]
    66                                 printCmd:
    67                                 
    68 00000015 53                      push rbx
    69 00000016 4154                    push r12
    70 00000018 4155                    push r13
    71                                 
    72                                 
    73 0000001A 4989FC                  mov r12, rdi
    74 0000001D 4989F5                  mov r13, rsi
    75                                 
    76                                 
    77                                 
    78 00000020 48C7C300000000          mov rbx, 0
    79                                 printLoop:
    80 00000027 498B7CDD00              mov rdi, qword [r13+rbx*8]
    81 0000002C E815000000              call printString
    82                                 
    83 00000031 48C7C7[00000000]        mov rdi, newLine
    84 00000038 E809000000              call printString
    85                                 
    86 0000003D 48FFC3                  inc rbx
    87 00000040 4C39E3                  cmp rbx, r12
    88 00000043 7CE0                    jl printLoop
    89                                 
    90 00000045 415D                    pop r13
    91 00000047 415C                    pop r12
    92 00000049 5B                      pop rbx
    93 0000004A C3                      ret
    94                                 
    95                                 
    96                                 
    97                                 
    98                                 
    99                                 
   100                                 
   101                                 
   102                                 
   103                                 
   104                                 
   105                                 
   106                                 
   107                                 
   108                                 
   109                                 
   110                                 
   111                                 
   112                                 [global printString]
   113                                 printString:
   114                                 
   115 0000004B 53                      push rbx
   116                                 
   117                                 
   118                                 
   119 0000004C 4889FB                  mov rbx, rdi
   120 0000004F 48C7C200000000          mov rdx, 0
   121                                 countLoop:
   122 00000056 803B00                  cmp byte [rbx], NULL
   123 00000059 7406                    je countDone
   124 0000005B 48FFC2                  inc rdx
   125 0000005E 48FFC3                  inc rbx
   126 00000061 EBF1                    jmp countLoop
   127                                 countDone:
   128 00000063 4883FA00                cmp rdx, 0
   129 00000067 7411                    je prtDone
   130                                 
   131                                 
   132                                 
   133 00000069 48C7C001000000          mov rax, SYS_write
   134 00000070 4889FE                  mov rsi, rdi
   135 00000073 48C7C701000000          mov rdi, STDOUT
   136                                 
   137 0000007A 0F05                    syscall
   138                                 
   139                                 
   140                                 prtDone:
   141 0000007C 5B                      pop rbx
   142 0000007D C3                      ret
   143                                 
