     1                                 %line 1+1 stats1.asm
     2                                 
     3                                 
     4                                 
     5                                 
     6                                 
     7                                 
     8                                 
     9                                 
    10                                 [section .data]
    11                                 
    12                                 
    13                                 
    14                                 EXIT_SUCCESS equ 0
    15                                 SYS_exit equ 60
    16                                 
    17                                 
    18 00000000 040000000500000002-    list1 dd 4, 5, 2, -3, 1
    19 00000000 000000FDFFFFFF0100-
    20 00000000 0000               
    21 00000014 05000000               len1 dd 5
    22 00000018 00000000               sum1 dd 0
    23 0000001C 00000000               ave1 dd 0
    24                                 
    25 00000020 020000000600000003-    list2 dd 2, 6, 3, -2, 1, 8, 19
    26 00000020 000000FEFFFFFF0100-
    27 00000020 000008000000130000-
    28 00000020 00                 
    29 0000003C 07000000               len2 dd 7
    30 00000040 00000000               sum2 dd 0
    31 00000044 00000000               ave2 dd 0
    32                                 
    33                                 
    34                                 
    35                                 
    36                                 
    37                                 
    38                                 
    39                                 
    40                                 
    41                                 
    42                                 
    43                                 
    44                                 
    45                                 
    46                                 
    47                                 [section .text]
    48                                 [global stats1]
    49                                 stats1:
    50                                 
    51 00000000 4154                    push r12
    52                                 
    53 00000002 49C7C400000000          mov r12, 0
    54 00000009 48C7C000000000          mov rax, 0
    55                                 sumLoop:
    56 00000010 420304A7                add eax, dword [rdi+r12*4]
    57 00000014 49FFC4                  inc r12
    58 00000017 4939F4                  cmp r12, rsi
    59 0000001A 7CF2                    jl sumLoop
    60                                 
    61 0000001C 8902                    mov dword [rdx], eax
    62                                 
    63 0000001E 99                      cdq
    64 0000001F F7FE                    idiv esi
    65 00000021 8901                    mov dword [rcx], eax
    66                                 
    67 00000023 415C                    pop r12
    68 00000025 C3                      ret
    69                                 
    70                                 [global _start]
    71                                 _start:
    72 00000026 48C7C1[00000000]        mov rcx, ave1
    73 0000002D 48C7C2[00000000]        mov rdx, sum1
    74 00000034 8B3425[00000000]        mov esi, dword [len1]
    75 0000003B 48C7C7[00000000]        mov rdi, list1
    76 00000042 E8B4FFFFFF              call stats1
    77 00000047 48C7C1[00000000]        mov rcx, ave2
    78 0000004E 48C7C2[00000000]        mov rdx, sum2
    79 00000055 8B3425[00000000]        mov esi, dword [len2]
    80 0000005C 48C7C7[00000000]        mov rdi, list2
    81 00000063 E893FFFFFF              call stats1
    82                                 
    83                                 
    84                                 last:
    85 00000068 B83C000000              mov eax, SYS_exit
    86 0000006D BB00000000              mov ebx, EXIT_SUCCESS
    87 00000072 0F05                    syscall
