     1                                 %line 1+1 sumofsquare_example/sumofsquare_example.asm
     2                                 
     3                                 
     4                                 
     5                                 
     6                                 
     7                                 [section .data]
     8                                 
     9                                 
    10                                 EXIT_SUCCESS equ 0
    11                                 SYS_exit equ 60
    12                                 
    13                                 
    14 00000000 0A000000               n dd 10
    15 00000004 0000000000000000       sum dq 0
    16                                 
    17                                 
    18                                 [section .text]
    19                                 [global _start]
    20                                 _start:
    21                                 
    22                                 
    23                                 
    24                                 
    25                                 
    26                                 
    27                                 
    28 00000000 8B0C25[00000000]       mov ecx, dword [n]
    29 00000007 48C7C301000000         mov rbx, 1
    30                                 
    31                                 sumLoop:
    32 0000000E 4889D8                  mov rax, rbx
    33 00000011 48F7E0                  mul rax
    34 00000014 48010425[00000000]      add qword [sum], rax
    35 0000001C 48FFC3                  inc rbx
    36 0000001F E2EB                    loop sumLoop
    37                                 
    38                                 
    39                                 
    40                                 
    41                                 last:
    42 00000021 48C7C03C000000          mov rax, SYS_exit
    43 00000028 48C7C300000000          mov rbx, EXIT_SUCCESS
    44 0000002F 0F05                    syscall
    45                                 
