     1                                 %line 1+1 stats.asm
     2                                 
     3                                 
     4                                 
     5                                 [section .data]
     6                                 
     7                                 
     8                                 
     9                                 [section .text]
    10                                 
    11                                 
    12                                 
    13                                 
    14                                 
    15                                 
    16                                 
    17                                 
    18                                 
    19                                 
    20                                 
    21                                 
    22                                 [global lstSum]
    23                                 lstSum:
    24                                 
    25 00000000 4154                    push r12
    26                                 
    27 00000002 49C7C400000000          mov r12, 0
    28 00000009 B800000000              mov eax, 0
    29                                 lstSum_sumLoop:
    30 0000000E 420304A7                add eax, dword [rdi+r12*4]
    31 00000012 49FFC4                  inc r12
    32 00000015 4939F4                  cmp r12, rsi
    33 00000018 7CF2                    jl lstSum_sumLoop
    34                                 
    35                                 
    36 0000001A 415C                    pop r12
    37 0000001C C3                      ret
    38                                 
    39                                 
    40                                 
    41                                 
    42                                 
    43                                 
    44                                 
    45                                 
    46                                 
    47                                 
    48                                 
    49                                 
    50                                 
    51                                 [global lstAverage]
    52                                 lstAverage:
    53                                 
    54 0000001D 4154                    push r12
    55 0000001F 4189F4                  mov r12d, esi
    56 00000022 E8D4FFFFFF              call lstSum
    57                                 
    58 00000027 99                      cdq
    59 00000028 41F7FC                  idiv r12d
    60                                 
    61                                 
    62 0000002B 415C                    pop r12
    63 0000002D C3                      ret
    64                                 
