     1                                 %line 1+1 absMacro.asm
     2                                 
     3                                 
     4                                 
     5                                 
     6                                 
     7                                 
     8                                 
     9                                 
    10                                 %line 22+1 absMacro.asm
    11                                 
    12                                 %line 36+1 absMacro.asm
    13                                 
    14                                 
    15                                 [section .data]
    16                                 
    17                                 
    18                                 
    19                                 EXIT_SUCCESS equ 0
    20                                 SYS_exit equ 60
    21                                 
    22                                 
    23 00000000 14AE02C2               num1 dd -32.67
    24 00000004 5839B4C8D61CC8C0       num2 dq -12345.678
    25 0000000C 25A24BC5               num3 dd -3258.134
    26                                 
    27                                 
    28                                 
    29                                 [section .text]
    30                                 [global _start]
    31                                 _start:
    32 00000000 F30F100425[00000000]      movss xmm0, dword [num1]
    33                                 %line 55+0 absMacro.asm
    34 00000009 B800000000              mov eax, 0
    35 0000000E F30F2AC8                cvtsi2ss xmm1, eax
    36 00000012 0F2EC1                  ucomiss xmm0, xmm1
    37 00000015 7314                    jae ..@3.isPos
    38 00000017 B8FFFFFFFF              mov eax, -1
    39 0000001C F30F2AC8                cvtsi2ss xmm1, eax
    40 00000020 F30F59C1                mulss xmm0, xmm1
    41 00000024 F30F110425[00000000]      movss dword [num1], xmm0
    42                                 ..@3.isPos:
    43                                 
    44                                 %line 56+1 absMacro.asm
    45 0000002D F20F100425[00000000]      movsd xmm0, qword [num2]
    46                                 %line 56+0 absMacro.asm
    47 00000036 B800000000              mov eax, 0
    48 0000003B F20F2AC8                cvtsi2sd xmm1, eax
    49 0000003F 660F2EC1                ucomisd xmm0, xmm1
    50 00000043 7314                    jae ..@4.isPos
    51 00000045 B8FFFFFFFF              mov eax, -1
    52 0000004A F20F2AC8                cvtsi2sd xmm1, eax
    53 0000004E F20F59C1                mulsd xmm0, xmm1
    54 00000052 F20F110425[00000000]      movsd qword [num2], xmm0
    55                                 ..@4.isPos:
    56                                 
    57                                 %line 57+1 absMacro.asm
    58 0000005B F30F100425[00000000]      movss xmm0, dword [num3]
    59                                 %line 57+0 absMacro.asm
    60 00000064 B800000000              mov eax, 0
    61 00000069 F30F2AC8                cvtsi2ss xmm1, eax
    62 0000006D 0F2EC1                  ucomiss xmm0, xmm1
    63 00000070 7314                    jae ..@5.isPos
    64 00000072 B8FFFFFFFF              mov eax, -1
    65 00000077 F30F2AC8                cvtsi2ss xmm1, eax
    66 0000007B F30F59C1                mulss xmm0, xmm1
    67 0000007F F30F110425[00000000]      movss dword [num3], xmm0
    68                                 ..@5.isPos:
    69                                 
    70                                 %line 58+1 absMacro.asm
    71                                 
    72                                 
    73                                 last:
    74 00000088 B83C000000              mov eax, SYS_exit
    75 0000008D BB00000000              mov ebx, EXIT_SUCCESS
    76 00000092 0F05                    syscall
